C:\Program Files\Microsoft Visual Studio\2022\Professional\MSBuild\Microsoft\VC\v170\Microsoft.CppBuild.targets(510,5): warning MSB8028: El directorio intermedio (Release\) contiene archivos compartidos de otro proyecto (ProyectoArnold.vcxproj). Esto puede dar lugar a un comportamiento incorrecto de limpieza y recompilación.
  316327244_ProyectoFinal_Gpo9.cpp
C:\Users\daddy\Desktop\Repositorio\316327244_Proyecto_Gpo09\ProyectoFinal\ProyectoFinal\316327244_ProyectoFinal_Gpo9.cpp(278,24): warning C4244: 'inicializando': conversión de 'double' a 'GLfloat'; posible pérdida de datos
C:\Users\daddy\Desktop\Repositorio\316327244_Proyecto_Gpo09\ProyectoFinal\ProyectoFinal\316327244_ProyectoFinal_Gpo9.cpp(775,93): warning C4305: 'argumento': truncamiento de 'double' a 'GLfloat'
C:\Users\daddy\Desktop\Repositorio\316327244_Proyecto_Gpo09\ProyectoFinal\ProyectoFinal\316327244_ProyectoFinal_Gpo9.cpp(827,93): warning C4305: 'argumento': truncamiento de 'double' a 'GLfloat'
C:\Users\daddy\Desktop\Repositorio\316327244_Proyecto_Gpo09\ProyectoFinal\ProyectoFinal\316327244_ProyectoFinal_Gpo9.cpp(837,23): warning C4244: '=': conversión de 'double' a 'float'; posible pérdida de datos
C:\Users\daddy\Desktop\Repositorio\316327244_Proyecto_Gpo09\ProyectoFinal\ProyectoFinal\316327244_ProyectoFinal_Gpo9.cpp(1120,20): warning C4305: '-=': truncamiento de 'double' a 'float'
C:\Users\daddy\Desktop\Repositorio\316327244_Proyecto_Gpo09\ProyectoFinal\ProyectoFinal\316327244_ProyectoFinal_Gpo9.cpp(1190,22): warning C4305: '-=': truncamiento de 'double' a 'float'
C:\Users\daddy\Desktop\Repositorio\316327244_Proyecto_Gpo09\ProyectoFinal\ProyectoFinal\316327244_ProyectoFinal_Gpo9.cpp(1211,22): warning C4305: '+=': truncamiento de 'double' a 'float'
C:\Users\daddy\Desktop\Repositorio\316327244_Proyecto_Gpo09\ProyectoFinal\ProyectoFinal\316327244_ProyectoFinal_Gpo9.cpp(1224,21): warning C4305: '+=': truncamiento de 'double' a 'float'
C:\Users\daddy\Desktop\Repositorio\316327244_Proyecto_Gpo09\ProyectoFinal\ProyectoFinal\316327244_ProyectoFinal_Gpo9.cpp(1278,11): warning C4244: '=': conversión de 'double' a 'GLfloat'; posible pérdida de datos
C:\Users\daddy\Desktop\Repositorio\316327244_Proyecto_Gpo09\ProyectoFinal\ProyectoFinal\316327244_ProyectoFinal_Gpo9.cpp(1279,11): warning C4244: '=': conversión de 'double' a 'GLfloat'; posible pérdida de datos
C:\Users\daddy\Desktop\Repositorio\316327244_Proyecto_Gpo09\ProyectoFinal\ProyectoFinal\316327244_ProyectoFinal_Gpo9.cpp(1283,18): warning C4244: 'inicializando': conversión de 'double' a 'GLfloat'; posible pérdida de datos
C:\Users\daddy\Desktop\Repositorio\316327244_Proyecto_Gpo09\ProyectoFinal\ProyectoFinal\316327244_ProyectoFinal_Gpo9.cpp(1284,18): warning C4244: 'inicializando': conversión de 'double' a 'GLfloat'; posible pérdida de datos
C:\Users\daddy\Desktop\Repositorio\316327244_Proyecto_Gpo09\ProyectoFinal\ProyectoFinal\316327244_ProyectoFinal_Gpo9.cpp(1286,10): warning C4244: '=': conversión de 'double' a 'GLfloat'; posible pérdida de datos
C:\Users\daddy\Desktop\Repositorio\316327244_Proyecto_Gpo09\ProyectoFinal\ProyectoFinal\316327244_ProyectoFinal_Gpo9.cpp(1287,10): warning C4244: '=': conversión de 'double' a 'GLfloat'; posible pérdida de datos
soil2-debug.lib(SOIL2.obj) : warning LNK4075: se omite '/EDITANDCONTINUE' debido a la especificación '/OPT:ICF'
LINK : warning LNK4098: la biblioteca predeterminada'MSVCRTD' entra en conflicto con otras bibliotecas; use la biblioteca /NODEFAULTLIB:biblioteca
  Generando código
  24 of 627 functions ( 3.8%) were compiled, the rest were copied from previous compilation.
    0 functions were new in current compilation
    8 functions had inline decision re-evaluated but remain unchanged
  Generación de código finalizada
soil2-debug.lib(etc1_utils.obj) : warning LNK4099: no se encontró PDB 'soil2-debug.pdb' con 'soil2-debug.lib(etc1_utils.obj)' o en 'C:\Users\daddy\Desktop\Repositorio\316327244_Proyecto_Gpo09\ProyectoFinal\Release\soil2-debug.pdb'; se vinculará el objeto sin tener en cuenta información de depuración
soil2-debug.lib(image_DXT.obj) : warning LNK4099: no se encontró PDB 'soil2-debug.pdb' con 'soil2-debug.lib(image_DXT.obj)' o en 'C:\Users\daddy\Desktop\Repositorio\316327244_Proyecto_Gpo09\ProyectoFinal\Release\soil2-debug.pdb'; se vinculará el objeto sin tener en cuenta información de depuración
soil2-debug.lib(image_helper.obj) : warning LNK4099: no se encontró PDB 'soil2-debug.pdb' con 'soil2-debug.lib(image_helper.obj)' o en 'C:\Users\daddy\Desktop\Repositorio\316327244_Proyecto_Gpo09\ProyectoFinal\Release\soil2-debug.pdb'; se vinculará el objeto sin tener en cuenta información de depuración
soil2-debug.lib(SOIL2.obj) : warning LNK4099: no se encontró PDB '' con 'soil2-debug.lib(SOIL2.obj)' o en ''; se vinculará el objeto sin tener en cuenta información de depuración
  ProyectoFinal.vcxproj -> C:\Users\daddy\Desktop\Repositorio\316327244_Proyecto_Gpo09\ProyectoFinal\Release\ProyectoFinal.exe
