  316327244_ProyectoFinal_Gpo9.cpp
C:\Users\daddy\Desktop\Repositorio\316327244_Proyecto_Gpo09\ProyectoFinal\ProyectoFinal\316327244_ProyectoFinal_Gpo9.cpp(267,24): warning C4244: 'inicializando': conversión de 'double' a 'GLfloat'; posible pérdida de datos
C:\Users\daddy\Desktop\Repositorio\316327244_Proyecto_Gpo09\ProyectoFinal\ProyectoFinal\316327244_ProyectoFinal_Gpo9.cpp(708,93): warning C4305: 'argumento': truncamiento de 'double' a 'GLfloat'
C:\Users\daddy\Desktop\Repositorio\316327244_Proyecto_Gpo09\ProyectoFinal\ProyectoFinal\316327244_ProyectoFinal_Gpo9.cpp(760,93): warning C4305: 'argumento': truncamiento de 'double' a 'GLfloat'
C:\Users\daddy\Desktop\Repositorio\316327244_Proyecto_Gpo09\ProyectoFinal\ProyectoFinal\316327244_ProyectoFinal_Gpo9.cpp(770,23): warning C4244: '=': conversión de 'double' a 'float'; posible pérdida de datos
C:\Users\daddy\Desktop\Repositorio\316327244_Proyecto_Gpo09\ProyectoFinal\ProyectoFinal\316327244_ProyectoFinal_Gpo9.cpp(1020,20): warning C4305: '-=': truncamiento de 'double' a 'float'
C:\Users\daddy\Desktop\Repositorio\316327244_Proyecto_Gpo09\ProyectoFinal\ProyectoFinal\316327244_ProyectoFinal_Gpo9.cpp(1090,22): warning C4305: '-=': truncamiento de 'double' a 'float'
C:\Users\daddy\Desktop\Repositorio\316327244_Proyecto_Gpo09\ProyectoFinal\ProyectoFinal\316327244_ProyectoFinal_Gpo9.cpp(1111,22): warning C4305: '+=': truncamiento de 'double' a 'float'
C:\Users\daddy\Desktop\Repositorio\316327244_Proyecto_Gpo09\ProyectoFinal\ProyectoFinal\316327244_ProyectoFinal_Gpo9.cpp(1124,21): warning C4305: '+=': truncamiento de 'double' a 'float'
C:\Users\daddy\Desktop\Repositorio\316327244_Proyecto_Gpo09\ProyectoFinal\ProyectoFinal\316327244_ProyectoFinal_Gpo9.cpp(1178,11): warning C4244: '=': conversión de 'double' a 'GLfloat'; posible pérdida de datos
C:\Users\daddy\Desktop\Repositorio\316327244_Proyecto_Gpo09\ProyectoFinal\ProyectoFinal\316327244_ProyectoFinal_Gpo9.cpp(1179,11): warning C4244: '=': conversión de 'double' a 'GLfloat'; posible pérdida de datos
C:\Users\daddy\Desktop\Repositorio\316327244_Proyecto_Gpo09\ProyectoFinal\ProyectoFinal\316327244_ProyectoFinal_Gpo9.cpp(1183,18): warning C4244: 'inicializando': conversión de 'double' a 'GLfloat'; posible pérdida de datos
C:\Users\daddy\Desktop\Repositorio\316327244_Proyecto_Gpo09\ProyectoFinal\ProyectoFinal\316327244_ProyectoFinal_Gpo9.cpp(1184,18): warning C4244: 'inicializando': conversión de 'double' a 'GLfloat'; posible pérdida de datos
C:\Users\daddy\Desktop\Repositorio\316327244_Proyecto_Gpo09\ProyectoFinal\ProyectoFinal\316327244_ProyectoFinal_Gpo9.cpp(1186,10): warning C4244: '=': conversión de 'double' a 'GLfloat'; posible pérdida de datos
C:\Users\daddy\Desktop\Repositorio\316327244_Proyecto_Gpo09\ProyectoFinal\ProyectoFinal\316327244_ProyectoFinal_Gpo9.cpp(1187,10): warning C4244: '=': conversión de 'double' a 'GLfloat'; posible pérdida de datos
LINK : warning LNK4098: la biblioteca predeterminada'MSVCRT' entra en conflicto con otras bibliotecas; use la biblioteca /NODEFAULTLIB:biblioteca
soil2-debug.lib(etc1_utils.obj) : warning LNK4099: no se encontró PDB 'soil2-debug.pdb' con 'soil2-debug.lib(etc1_utils.obj)' o en 'C:\Users\daddy\Desktop\Repositorio\316327244_Proyecto_Gpo09\ProyectoFinal\Debug\soil2-debug.pdb'; se vinculará el objeto sin tener en cuenta información de depuración
soil2-debug.lib(image_DXT.obj) : warning LNK4099: no se encontró PDB 'soil2-debug.pdb' con 'soil2-debug.lib(image_DXT.obj)' o en 'C:\Users\daddy\Desktop\Repositorio\316327244_Proyecto_Gpo09\ProyectoFinal\Debug\soil2-debug.pdb'; se vinculará el objeto sin tener en cuenta información de depuración
soil2-debug.lib(image_helper.obj) : warning LNK4099: no se encontró PDB 'soil2-debug.pdb' con 'soil2-debug.lib(image_helper.obj)' o en 'C:\Users\daddy\Desktop\Repositorio\316327244_Proyecto_Gpo09\ProyectoFinal\Debug\soil2-debug.pdb'; se vinculará el objeto sin tener en cuenta información de depuración
soil2-debug.lib(SOIL2.obj) : warning LNK4099: no se encontró PDB '' con 'soil2-debug.lib(SOIL2.obj)' o en ''; se vinculará el objeto sin tener en cuenta información de depuración
  ProyectoFinal.vcxproj -> C:\Users\daddy\Desktop\Repositorio\316327244_Proyecto_Gpo09\ProyectoFinal\Debug\ProyectoFinal.exe
